This is pdfTeX, Version 3.14159265-2.6-1.40.18 (TeX Live 2017/Debian) (preloaded format=pdflatex 2019.10.27)  11 JAN 2021 12:24
entering extended mode
 \write18 enabled.
 %&-line parsing enabled.
**main.tex
(./main.tex
LaTeX2e <2017-04-15>
Babel <3.18> and hyphenation patterns for 84 language(s) loaded.
(/usr/share/texlive/texmf-dist/tex/latex/base/report.cls
Document Class: report 2014/09/29 v1.4h Standard LaTeX document class
(/usr/share/texlive/texmf-dist/tex/latex/base/size12.clo
File: size12.clo 2014/09/29 v1.4h Standard LaTeX file (size option)
)
\c@part=\count79
\c@chapter=\count80
\c@section=\count81
\c@subsection=\count82
\c@subsubsection=\count83
\c@paragraph=\count84
\c@subparagraph=\count85
\c@figure=\count86
\c@table=\count87
\abovecaptionskip=\skip41
\belowcaptionskip=\skip42
\bibindent=\dimen102
)
(/usr/share/texlive/texmf-dist/tex/latex/graphics/graphicx.sty
Package: graphicx 2017/06/01 v1.1a Enhanced LaTeX Graphics (DPC,SPQR)

(/usr/share/texlive/texmf-dist/tex/latex/graphics/keyval.sty
Package: keyval 2014/10/28 v1.15 key=value parser (DPC)
\KV@toks@=\toks14
)
(/usr/share/texlive/texmf-dist/tex/latex/graphics/graphics.sty
Package: graphics 2017/06/25 v1.2c Standard LaTeX Graphics (DPC,SPQR)

(/usr/share/texlive/texmf-dist/tex/latex/graphics/trig.sty
Package: trig 2016/01/03 v1.10 sin cos tan (DPC)
)
(/usr/share/texlive/texmf-dist/tex/latex/graphics-cfg/graphics.cfg
File: graphics.cfg 2016/06/04 v1.11 sample graphics configuration
)
Package graphics Info: Driver file: pdftex.def on input line 99.

(/usr/share/texlive/texmf-dist/tex/latex/graphics-def/pdftex.def
File: pdftex.def 2018/01/08 v1.0l Graphics/color driver for pdftex
))
\Gin@req@height=\dimen103
\Gin@req@width=\dimen104
)
(/usr/share/texlive/texmf-dist/tex/latex/xcolor/xcolor.sty
Package: xcolor 2016/05/11 v2.12 LaTeX color extensions (UK)

(/usr/share/texlive/texmf-dist/tex/latex/graphics-cfg/color.cfg
File: color.cfg 2016/01/02 v1.6 sample color configuration
)
Package xcolor Info: Driver file: pdftex.def on input line 225.
Package xcolor Info: Model `cmy' substituted by `cmy0' on input line 1348.
Package xcolor Info: Model `hsb' substituted by `rgb' on input line 1352.
Package xcolor Info: Model `RGB' extended on input line 1364.
Package xcolor Info: Model `HTML' substituted by `rgb' on input line 1366.
Package xcolor Info: Model `Hsb' substituted by `hsb' on input line 1367.
Package xcolor Info: Model `tHsb' substituted by `hsb' on input line 1368.
Package xcolor Info: Model `HSB' substituted by `hsb' on input line 1369.
Package xcolor Info: Model `Gray' substituted by `gray' on input line 1370.
Package xcolor Info: Model `wave' substituted by `hsb' on input line 1371.
)
(/usr/share/texlive/texmf-dist/tex/latex/blindtext/blindtext.sty
Package: blindtext 2012/01/06 V2.0 blindtext-Package

(/usr/share/texlive/texmf-dist/tex/latex/tools/xspace.sty
Package: xspace 2014/10/28 v1.13 Space after command names (DPC,MH)
)
\c@blindtext=\count88
\c@Blindtext=\count89
\c@blind@countparstart=\count90
\blind@countxx=\count91
\blindtext@numBlindtext=\count92
\blind@countyy=\count93
\c@blindlist=\count94
\c@blindlistlevel=\count95
\c@blindlist@level=\count96
\blind@listitem=\count97
\c@blind@listcount=\count98
\c@blind@levelcount=\count99
\blind@mathformula=\count100
\blind@Mathformula=\count101
\c@blind@randomcount=\count102
\c@blind@randommax=\count103
\c@blind@pangramcount=\count104
\c@blind@pangrammax=\count105
)
(/usr/share/texlive/texmf-dist/tex/latex/amsmath/amsmath.sty
Package: amsmath 2017/09/02 v2.17a AMS math features
\@mathmargin=\skip43

For additional information on amsmath, use the `?' option.
(/usr/share/texlive/texmf-dist/tex/latex/amsmath/amstext.sty
Package: amstext 2000/06/29 v2.01 AMS text

(/usr/share/texlive/texmf-dist/tex/latex/amsmath/amsgen.sty
File: amsgen.sty 1999/11/30 v2.0 generic functions
\@emptytoks=\toks15
\ex@=\dimen105
))
(/usr/share/texlive/texmf-dist/tex/latex/amsmath/amsbsy.sty
Package: amsbsy 1999/11/29 v1.2d Bold Symbols
\pmbraise@=\dimen106
)
(/usr/share/texlive/texmf-dist/tex/latex/amsmath/amsopn.sty
Package: amsopn 2016/03/08 v2.02 operator names
)
\inf@bad=\count106
LaTeX Info: Redefining \frac on input line 213.
\uproot@=\count107
\leftroot@=\count108
LaTeX Info: Redefining \overline on input line 375.
\classnum@=\count109
\DOTSCASE@=\count110
LaTeX Info: Redefining \ldots on input line 472.
LaTeX Info: Redefining \dots on input line 475.
LaTeX Info: Redefining \cdots on input line 596.
\Mathstrutbox@=\box26
\strutbox@=\box27
\big@size=\dimen107
LaTeX Font Info:    Redeclaring font encoding OML on input line 712.
LaTeX Font Info:    Redeclaring font encoding OMS on input line 713.
\macc@depth=\count111
\c@MaxMatrixCols=\count112
\dotsspace@=\muskip10
\c@parentequation=\count113
\dspbrk@lvl=\count114
\tag@help=\toks16
\row@=\count115
\column@=\count116
\maxfields@=\count117
\andhelp@=\toks17
\eqnshift@=\dimen108
\alignsep@=\dimen109
\tagshift@=\dimen110
\tagwidth@=\dimen111
\totwidth@=\dimen112
\lineht@=\dimen113
\@envbody=\toks18
\multlinegap=\skip44
\multlinetaggap=\skip45
\mathdisplay@stack=\toks19
LaTeX Info: Redefining \[ on input line 2817.
LaTeX Info: Redefining \] on input line 2818.
)
(/usr/share/texlive/texmf-dist/tex/latex/fancyhdr/fancyhdr.sty
Package: fancyhdr 2017/06/30 v3.9a Extensive control of page headers and footer
s
\f@nch@headwidth=\skip46
\f@nch@O@elh=\skip47
\f@nch@O@erh=\skip48
\f@nch@O@olh=\skip49
\f@nch@O@orh=\skip50
\f@nch@O@elf=\skip51
\f@nch@O@erf=\skip52
\f@nch@O@olf=\skip53
\f@nch@O@orf=\skip54
)
(/usr/share/texlive/texmf-dist/tex/latex/base/inputenc.sty
Package: inputenc 2015/03/17 v1.2c Input encoding file
\inpenc@prehook=\toks20
\inpenc@posthook=\toks21

(/usr/share/texlive/texmf-dist/tex/latex/base/utf8.def
File: utf8.def 2017/01/28 v1.1t UTF-8 support for inputenc
Now handling font encoding OML ...
... no UTF-8 mapping file for font encoding OML
Now handling font encoding T1 ...
... processing UTF-8 mapping file for font encoding T1

(/usr/share/texlive/texmf-dist/tex/latex/base/t1enc.dfu
File: t1enc.dfu 2017/01/28 v1.1t UTF-8 support for inputenc
   defining Unicode char U+00A0 (decimal 160)
   defining Unicode char U+00A1 (decimal 161)
   defining Unicode char U+00A3 (decimal 163)
   defining Unicode char U+00AB (decimal 171)
   defining Unicode char U+00AD (decimal 173)
   defining Unicode char U+00BB (decimal 187)
   defining Unicode char U+00BF (decimal 191)
   defining Unicode char U+00C0 (decimal 192)
   defining Unicode char U+00C1 (decimal 193)
   defining Unicode char U+00C2 (decimal 194)
   defining Unicode char U+00C3 (decimal 195)
   defining Unicode char U+00C4 (decimal 196)
   defining Unicode char U+00C5 (decimal 197)
   defining Unicode char U+00C6 (decimal 198)
   defining Unicode char U+00C7 (decimal 199)
   defining Unicode char U+00C8 (decimal 200)
   defining Unicode char U+00C9 (decimal 201)
   defining Unicode char U+00CA (decimal 202)
   defining Unicode char U+00CB (decimal 203)
   defining Unicode char U+00CC (decimal 204)
   defining Unicode char U+00CD (decimal 205)
   defining Unicode char U+00CE (decimal 206)
   defining Unicode char U+00CF (decimal 207)
   defining Unicode char U+00D0 (decimal 208)
   defining Unicode char U+00D1 (decimal 209)
   defining Unicode char U+00D2 (decimal 210)
   defining Unicode char U+00D3 (decimal 211)
   defining Unicode char U+00D4 (decimal 212)
   defining Unicode char U+00D5 (decimal 213)
   defining Unicode char U+00D6 (decimal 214)
   defining Unicode char U+00D8 (decimal 216)
   defining Unicode char U+00D9 (decimal 217)
   defining Unicode char U+00DA (decimal 218)
   defining Unicode char U+00DB (decimal 219)
   defining Unicode char U+00DC (decimal 220)
   defining Unicode char U+00DD (decimal 221)
   defining Unicode char U+00DE (decimal 222)
   defining Unicode char U+00DF (decimal 223)
   defining Unicode char U+00E0 (decimal 224)
   defining Unicode char U+00E1 (decimal 225)
   defining Unicode char U+00E2 (decimal 226)
   defining Unicode char U+00E3 (decimal 227)
   defining Unicode char U+00E4 (decimal 228)
   defining Unicode char U+00E5 (decimal 229)
   defining Unicode char U+00E6 (decimal 230)
   defining Unicode char U+00E7 (decimal 231)
   defining Unicode char U+00E8 (decimal 232)
   defining Unicode char U+00E9 (decimal 233)
   defining Unicode char U+00EA (decimal 234)
   defining Unicode char U+00EB (decimal 235)
   defining Unicode char U+00EC (decimal 236)
   defining Unicode char U+00ED (decimal 237)
   defining Unicode char U+00EE (decimal 238)
   defining Unicode char U+00EF (decimal 239)
   defining Unicode char U+00F0 (decimal 240)
   defining Unicode char U+00F1 (decimal 241)
   defining Unicode char U+00F2 (decimal 242)
   defining Unicode char U+00F3 (decimal 243)
   defining Unicode char U+00F4 (decimal 244)
   defining Unicode char U+00F5 (decimal 245)
   defining Unicode char U+00F6 (decimal 246)
   defining Unicode char U+00F8 (decimal 248)
   defining Unicode char U+00F9 (decimal 249)
   defining Unicode char U+00FA (decimal 250)
   defining Unicode char U+00FB (decimal 251)
   defining Unicode char U+00FC (decimal 252)
   defining Unicode char U+00FD (decimal 253)
   defining Unicode char U+00FE (decimal 254)
   defining Unicode char U+00FF (decimal 255)
   defining Unicode char U+0100 (decimal 256)
   defining Unicode char U+0101 (decimal 257)
   defining Unicode char U+0102 (decimal 258)
   defining Unicode char U+0103 (decimal 259)
   defining Unicode char U+0104 (decimal 260)
   defining Unicode char U+0105 (decimal 261)
   defining Unicode char U+0106 (decimal 262)
   defining Unicode char U+0107 (decimal 263)
   defining Unicode char U+0108 (decimal 264)
   defining Unicode char U+0109 (decimal 265)
   defining Unicode char U+010A (decimal 266)
   defining Unicode char U+010B (decimal 267)
   defining Unicode char U+010C (decimal 268)
   defining Unicode char U+010D (decimal 269)
   defining Unicode char U+010E (decimal 270)
   defining Unicode char U+010F (decimal 271)
   defining Unicode char U+0110 (decimal 272)
   defining Unicode char U+0111 (decimal 273)
   defining Unicode char U+0112 (decimal 274)
   defining Unicode char U+0113 (decimal 275)
   defining Unicode char U+0114 (decimal 276)
   defining Unicode char U+0115 (decimal 277)
   defining Unicode char U+0116 (decimal 278)
   defining Unicode char U+0117 (decimal 279)
   defining Unicode char U+0118 (decimal 280)
   defining Unicode char U+0119 (decimal 281)
   defining Unicode char U+011A (decimal 282)
   defining Unicode char U+011B (decimal 283)
   defining Unicode char U+011C (decimal 284)
   defining Unicode char U+011D (decimal 285)
   defining Unicode char U+011E (decimal 286)
   defining Unicode char U+011F (decimal 287)
   defining Unicode char U+0120 (decimal 288)
   defining Unicode char U+0121 (decimal 289)
   defining Unicode char U+0122 (decimal 290)
   defining Unicode char U+0123 (decimal 291)
   defining Unicode char U+0124 (decimal 292)
   defining Unicode char U+0125 (decimal 293)
   defining Unicode char U+0128 (decimal 296)
   defining Unicode char U+0129 (decimal 297)
   defining Unicode char U+012A (decimal 298)
   defining Unicode char U+012B (decimal 299)
   defining Unicode char U+012C (decimal 300)
   defining Unicode char U+012D (decimal 301)
   defining Unicode char U+012E (decimal 302)
   defining Unicode char U+012F (decimal 303)
   defining Unicode char U+0130 (decimal 304)
   defining Unicode char U+0131 (decimal 305)
   defining Unicode char U+0132 (decimal 306)
   defining Unicode char U+0133 (decimal 307)
   defining Unicode char U+0134 (decimal 308)
   defining Unicode char U+0135 (decimal 309)
   defining Unicode char U+0136 (decimal 310)
   defining Unicode char U+0137 (decimal 311)
   defining Unicode char U+0139 (decimal 313)
   defining Unicode char U+013A (decimal 314)
   defining Unicode char U+013B (decimal 315)
   defining Unicode char U+013C (decimal 316)
   defining Unicode char U+013D (decimal 317)
   defining Unicode char U+013E (decimal 318)
   defining Unicode char U+0141 (decimal 321)
   defining Unicode char U+0142 (decimal 322)
   defining Unicode char U+0143 (decimal 323)
   defining Unicode char U+0144 (decimal 324)
   defining Unicode char U+0145 (decimal 325)
   defining Unicode char U+0146 (decimal 326)
   defining Unicode char U+0147 (decimal 327)
   defining Unicode char U+0148 (decimal 328)
   defining Unicode char U+014A (decimal 330)
   defining Unicode char U+014B (decimal 331)
   defining Unicode char U+014C (decimal 332)
   defining Unicode char U+014D (decimal 333)
   defining Unicode char U+014E (decimal 334)
   defining Unicode char U+014F (decimal 335)
   defining Unicode char U+0150 (decimal 336)
   defining Unicode char U+0151 (decimal 337)
   defining Unicode char U+0152 (decimal 338)
   defining Unicode char U+0153 (decimal 339)
   defining Unicode char U+0154 (decimal 340)
   defining Unicode char U+0155 (decimal 341)
   defining Unicode char U+0156 (decimal 342)
   defining Unicode char U+0157 (decimal 343)
   defining Unicode char U+0158 (decimal 344)
   defining Unicode char U+0159 (decimal 345)
   defining Unicode char U+015A (decimal 346)
   defining Unicode char U+015B (decimal 347)
   defining Unicode char U+015C (decimal 348)
   defining Unicode char U+015D (decimal 349)
   defining Unicode char U+015E (decimal 350)
   defining Unicode char U+015F (decimal 351)
   defining Unicode char U+0160 (decimal 352)
   defining Unicode char U+0161 (decimal 353)
   defining Unicode char U+0162 (decimal 354)
   defining Unicode char U+0163 (decimal 355)
   defining Unicode char U+0164 (decimal 356)
   defining Unicode char U+0165 (decimal 357)
   defining Unicode char U+0168 (decimal 360)
   defining Unicode char U+0169 (decimal 361)
   defining Unicode char U+016A (decimal 362)
   defining Unicode char U+016B (decimal 363)
   defining Unicode char U+016C (decimal 364)
   defining Unicode char U+016D (decimal 365)
   defining Unicode char U+016E (decimal 366)
   defining Unicode char U+016F (decimal 367)
   defining Unicode char U+0170 (decimal 368)
   defining Unicode char U+0171 (decimal 369)
   defining Unicode char U+0172 (decimal 370)
   defining Unicode char U+0173 (decimal 371)
   defining Unicode char U+0174 (decimal 372)
   defining Unicode char U+0175 (decimal 373)
   defining Unicode char U+0176 (decimal 374)
   defining Unicode char U+0177 (decimal 375)
   defining Unicode char U+0178 (decimal 376)
   defining Unicode char U+0179 (decimal 377)
   defining Unicode char U+017A (decimal 378)
   defining Unicode char U+017B (decimal 379)
   defining Unicode char U+017C (decimal 380)
   defining Unicode char U+017D (decimal 381)
   defining Unicode char U+017E (decimal 382)
   defining Unicode char U+01CD (decimal 461)
   defining Unicode char U+01CE (decimal 462)
   defining Unicode char U+01CF (decimal 463)
   defining Unicode char U+01D0 (decimal 464)
   defining Unicode char U+01D1 (decimal 465)
   defining Unicode char U+01D2 (decimal 466)
   defining Unicode char U+01D3 (decimal 467)
   defining Unicode char U+01D4 (decimal 468)
   defining Unicode char U+01E2 (decimal 482)
   defining Unicode char U+01E3 (decimal 483)
   defining Unicode char U+01E6 (decimal 486)
   defining Unicode char U+01E7 (decimal 487)
   defining Unicode char U+01E8 (decimal 488)
   defining Unicode char U+01E9 (decimal 489)
   defining Unicode char U+01EA (decimal 490)
   defining Unicode char U+01EB (decimal 491)
   defining Unicode char U+01F0 (decimal 496)
   defining Unicode char U+01F4 (decimal 500)
   defining Unicode char U+01F5 (decimal 501)
   defining Unicode char U+0218 (decimal 536)
   defining Unicode char U+0219 (decimal 537)
   defining Unicode char U+021A (decimal 538)
   defining Unicode char U+021B (decimal 539)
   defining Unicode char U+0232 (decimal 562)
   defining Unicode char U+0233 (decimal 563)
   defining Unicode char U+1E02 (decimal 7682)
   defining Unicode char U+1E03 (decimal 7683)
   defining Unicode char U+200C (decimal 8204)
   defining Unicode char U+2010 (decimal 8208)
   defining Unicode char U+2011 (decimal 8209)
   defining Unicode char U+2012 (decimal 8210)
   defining Unicode char U+2013 (decimal 8211)
   defining Unicode char U+2014 (decimal 8212)
   defining Unicode char U+2015 (decimal 8213)
   defining Unicode char U+2018 (decimal 8216)
   defining Unicode char U+2019 (decimal 8217)
   defining Unicode char U+201A (decimal 8218)
   defining Unicode char U+201C (decimal 8220)
   defining Unicode char U+201D (decimal 8221)
   defining Unicode char U+201E (decimal 8222)
   defining Unicode char U+2030 (decimal 8240)
   defining Unicode char U+2031 (decimal 8241)
   defining Unicode char U+2039 (decimal 8249)
   defining Unicode char U+203A (decimal 8250)
   defining Unicode char U+2423 (decimal 9251)
   defining Unicode char U+1E20 (decimal 7712)
   defining Unicode char U+1E21 (decimal 7713)
)
Now handling font encoding OT1 ...
... processing UTF-8 mapping file for font encoding OT1

(/usr/share/texlive/texmf-dist/tex/latex/base/ot1enc.dfu
File: ot1enc.dfu 2017/01/28 v1.1t UTF-8 support for inputenc
   defining Unicode char U+00A0 (decimal 160)
   defining Unicode char U+00A1 (decimal 161)
   defining Unicode char U+00A3 (decimal 163)
   defining Unicode char U+00AD (decimal 173)
   defining Unicode char U+00B8 (decimal 184)
   defining Unicode char U+00BF (decimal 191)
   defining Unicode char U+00C5 (decimal 197)
   defining Unicode char U+00C6 (decimal 198)
   defining Unicode char U+00D8 (decimal 216)
   defining Unicode char U+00DF (decimal 223)
   defining Unicode char U+00E6 (decimal 230)
   defining Unicode char U+00EC (decimal 236)
   defining Unicode char U+00ED (decimal 237)
   defining Unicode char U+00EE (decimal 238)
   defining Unicode char U+00EF (decimal 239)
   defining Unicode char U+00F8 (decimal 248)
   defining Unicode char U+0131 (decimal 305)
   defining Unicode char U+0141 (decimal 321)
   defining Unicode char U+0142 (decimal 322)
   defining Unicode char U+0152 (decimal 338)
   defining Unicode char U+0153 (decimal 339)
   defining Unicode char U+0174 (decimal 372)
   defining Unicode char U+0175 (decimal 373)
   defining Unicode char U+0176 (decimal 374)
   defining Unicode char U+0177 (decimal 375)
   defining Unicode char U+0218 (decimal 536)
   defining Unicode char U+0219 (decimal 537)
   defining Unicode char U+021A (decimal 538)
   defining Unicode char U+021B (decimal 539)
   defining Unicode char U+2013 (decimal 8211)
   defining Unicode char U+2014 (decimal 8212)
   defining Unicode char U+2018 (decimal 8216)
   defining Unicode char U+2019 (decimal 8217)
   defining Unicode char U+201C (decimal 8220)
   defining Unicode char U+201D (decimal 8221)
)
Now handling font encoding OMS ...
... processing UTF-8 mapping file for font encoding OMS

(/usr/share/texlive/texmf-dist/tex/latex/base/omsenc.dfu
File: omsenc.dfu 2017/01/28 v1.1t UTF-8 support for inputenc
   defining Unicode char U+00A7 (decimal 167)
   defining Unicode char U+00B6 (decimal 182)
   defining Unicode char U+00B7 (decimal 183)
   defining Unicode char U+2020 (decimal 8224)
   defining Unicode char U+2021 (decimal 8225)
   defining Unicode char U+2022 (decimal 8226)
)
Now handling font encoding OMX ...
... no UTF-8 mapping file for font encoding OMX
Now handling font encoding U ...
... no UTF-8 mapping file for font encoding U
   defining Unicode char U+00A9 (decimal 169)
   defining Unicode char U+00AA (decimal 170)
   defining Unicode char U+00AE (decimal 174)
   defining Unicode char U+00BA (decimal 186)
   defining Unicode char U+02C6 (decimal 710)
   defining Unicode char U+02DC (decimal 732)
   defining Unicode char U+200C (decimal 8204)
   defining Unicode char U+2026 (decimal 8230)
   defining Unicode char U+2122 (decimal 8482)
   defining Unicode char U+2423 (decimal 9251)
))
(/usr/share/texlive/texmf-dist/tex/generic/babel/babel.sty
Package: babel 2018/02/14 3.18 The Babel package

(/usr/share/texlive/texmf-dist/tex/generic/babel/switch.def
File: switch.def 2018/02/14 3.18 Babel switching mechanism
)
(/usr/share/texlive/texmf-dist/tex/generic/babel-spanish/spanish.ldf
Language: spanish.ldf 2016/03/03 v5.0p Spanish support from the babel system

(/usr/share/texlive/texmf-dist/tex/generic/babel/babel.def
File: babel.def 2018/02/14 3.18 Babel common definitions
\babel@savecnt=\count118
\U@D=\dimen114

(/usr/share/texlive/texmf-dist/tex/generic/babel/txtbabel.def)
\bbl@dirlevel=\count119
)
\es@quottoks=\toks22
\es@quotdepth=\count120
Package babel Info: Making " an active character on input line 561.
Package babel Info: Making . an active character on input line 662.
Package babel Info: Making < an active character on input line 707.
Package babel Info: Making > an active character on input line 707.
)) (./main.aux
LaTeX Info: Redefining \. on input line 6.
LaTeX Info: Redefining \% on input line 6.
)
\openout1 = `main.aux'.

LaTeX Font Info:    Checking defaults for OML/cmm/m/it on input line 36.
LaTeX Font Info:    ... okay on input line 36.
LaTeX Font Info:    Checking defaults for T1/cmr/m/n on input line 36.
LaTeX Font Info:    ... okay on input line 36.
LaTeX Font Info:    Checking defaults for OT1/cmr/m/n on input line 36.
LaTeX Font Info:    ... okay on input line 36.
LaTeX Font Info:    Checking defaults for OMS/cmsy/m/n on input line 36.
LaTeX Font Info:    ... okay on input line 36.
LaTeX Font Info:    Checking defaults for OMX/cmex/m/n on input line 36.
LaTeX Font Info:    ... okay on input line 36.
LaTeX Font Info:    Checking defaults for U/cmr/m/n on input line 36.
LaTeX Font Info:    ... okay on input line 36.

(/usr/share/texlive/texmf-dist/tex/context/base/mkii/supp-pdf.mkii
[Loading MPS to PDF converter (version 2006.09.02).]
\scratchcounter=\count121
\scratchdimen=\dimen115
\scratchbox=\box28
\nofMPsegments=\count122
\nofMParguments=\count123
\everyMPshowfont=\toks23
\MPscratchCnt=\count124
\MPscratchDim=\dimen116
\MPnumerator=\count125
\makeMPintoPDFobject=\count126
\everyMPtoPDFconversion=\toks24
) (/usr/share/texlive/texmf-dist/tex/latex/oberdiek/epstopdf-base.sty
Package: epstopdf-base 2016/05/15 v2.6 Base part for package epstopdf

(/usr/share/texlive/texmf-dist/tex/generic/oberdiek/infwarerr.sty
Package: infwarerr 2016/05/16 v1.4 Providing info/warning/error messages (HO)
)
(/usr/share/texlive/texmf-dist/tex/latex/oberdiek/grfext.sty
Package: grfext 2016/05/16 v1.2 Manage graphics extensions (HO)

(/usr/share/texlive/texmf-dist/tex/generic/oberdiek/kvdefinekeys.sty
Package: kvdefinekeys 2016/05/16 v1.4 Define keys (HO)

(/usr/share/texlive/texmf-dist/tex/generic/oberdiek/ltxcmds.sty
Package: ltxcmds 2016/05/16 v1.23 LaTeX kernel commands for general use (HO)
)))
(/usr/share/texlive/texmf-dist/tex/latex/oberdiek/kvoptions.sty
Package: kvoptions 2016/05/16 v3.12 Key value format for package options (HO)

(/usr/share/texlive/texmf-dist/tex/generic/oberdiek/kvsetkeys.sty
Package: kvsetkeys 2016/05/16 v1.17 Key value parser (HO)

(/usr/share/texlive/texmf-dist/tex/generic/oberdiek/etexcmds.sty
Package: etexcmds 2016/05/16 v1.6 Avoid name clashes with e-TeX commands (HO)

(/usr/share/texlive/texmf-dist/tex/generic/oberdiek/ifluatex.sty
Package: ifluatex 2016/05/16 v1.4 Provides the ifluatex switch (HO)
Package ifluatex Info: LuaTeX not detected.
)
Package etexcmds Info: Could not find \expanded.
(etexcmds)             That can mean that you are not using pdfTeX 1.50 or
(etexcmds)             that some package has redefined \expanded.
(etexcmds)             In the latter case, load this package earlier.
)))
(/usr/share/texlive/texmf-dist/tex/generic/oberdiek/pdftexcmds.sty
Package: pdftexcmds 2018/01/21 v0.26 Utility functions of pdfTeX for LuaTeX (HO
)

(/usr/share/texlive/texmf-dist/tex/generic/oberdiek/ifpdf.sty
Package: ifpdf 2017/03/15 v3.2 Provides the ifpdf switch
)
Package pdftexcmds Info: LuaTeX not detected.
Package pdftexcmds Info: \pdf@primitive is available.
Package pdftexcmds Info: \pdf@ifprimitive is available.
Package pdftexcmds Info: \pdfdraftmode found.
)
Package epstopdf-base Info: Redefining graphics rule for `.eps' on input line 4
38.
Package grfext Info: Graphics extension search list:
(grfext)             [.pdf,.png,.jpg,.mps,.jpeg,.jbig2,.jb2,.PDF,.PNG,.JPG,.JPE
G,.JBIG2,.JB2,.eps]
(grfext)             \AppendGraphicsExtensions on input line 456.

(/usr/share/texlive/texmf-dist/tex/latex/latexconfig/epstopdf-sys.cfg
File: epstopdf-sys.cfg 2010/07/13 v1.3 Configuration of (r)epstopdf for TeX Liv
e
))
LaTeX Info: Redefining \. on input line 36.
LaTeX Info: Redefining \% on input line 36.

Overfull \hbox (36.79134pt too wide) in paragraph at lines 40--40
 [][][][] 
 []

<./graficos-tp1/utn.png, id=1, 184.43906pt x 207.77625pt>
File: ./graficos-tp1/utn.png Graphic file (type png)
<use ./graficos-tp1/utn.png>
Package pdftex.def Info: ./graficos-tp1/utn.png  used on input line 41.
(pdftex.def)             Requested size: 58.49762pt x 65.89688pt.

Overfull \hbox (36.79134pt too wide) in paragraph at lines 42--43
 [][][][] 
 []


Overfull \hbox (36.79134pt too wide) in paragraph at lines 68--69
 [][][] 
 []

[1

{/var/lib/texmf/fonts/map/pdftex/updmap/pdftex.map} <./graficos-tp1/utn.png>] (
./main.toc
LaTeX Info: Redefining \. on input line 1.
LaTeX Info: Redefining \% on input line 1.
 [1

])
\tf@toc=\write3
\openout3 = `main.toc'.


Overfull \hbox (54.41615pt too wide) in paragraph at lines 73--73
[][][][] 
 []

[2]
Cap\'{\i }tulo 1.

Overfull \hbox (36.79134pt too wide) in paragraph at lines 93--93
[][][][]  
 []

[3

]
Overfull \hbox (36.79134pt too wide) in paragraph at lines 104--104
[][][][]  
 []

[4]
Cap\'{\i }tulo 2.
<./graficos-tp1/DiagramaEnBloque.png, id=27, 853.1875pt x 248.93pt>
File: ./graficos-tp1/DiagramaEnBloque.png Graphic file (type png)
<use ./graficos-tp1/DiagramaEnBloque.png>
Package pdftex.def Info: ./graficos-tp1/DiagramaEnBloque.png  used on input lin
e 115.
(pdftex.def)             Requested size: 195.0pt x 56.89185pt.

Overfull \hbox (36.79134pt too wide) in paragraph at lines 119--119
[][][]  
 []

[5

 <./graficos-tp1/DiagramaEnBloque.png>]
<./graficos-tp1/EtapaSalidaTBJ.png, id=33, 367.3725pt x 440.64626pt>
File: ./graficos-tp1/EtapaSalidaTBJ.png Graphic file (type png)
<use ./graficos-tp1/EtapaSalidaTBJ.png>
Package pdftex.def Info: ./graficos-tp1/EtapaSalidaTBJ.png  used on input line 
127.
(pdftex.def)             Requested size: 138.44833pt x 166.06223pt.
<./graficos-tp1/GenericMosSalida.png, id=34, 278.03876pt x 395.4775pt>
File: ./graficos-tp1/GenericMosSalida.png Graphic file (type png)
<use ./graficos-tp1/GenericMosSalida.png>
Package pdftex.def Info: ./graficos-tp1/GenericMosSalida.png  used on input lin
e 128.
(pdftex.def)             Requested size: 117.00119pt x 166.41924pt.

Overfull \hbox (36.79134pt too wide) in paragraph at lines 133--133
[][][][]  
 []

[6 <./graficos-tp1/EtapaSalidaTBJ.png> <./graficos-tp1/GenericMosSalida.png>]
<./graficos-tp1/SalidaTBJCalculoVCC.png, id=41, 381.425pt x 688.5725pt>
File: ./graficos-tp1/SalidaTBJCalculoVCC.png Graphic file (type png)
<use ./graficos-tp1/SalidaTBJCalculoVCC.png>
Package pdftex.def Info: ./graficos-tp1/SalidaTBJCalculoVCC.png  used on input 
line 149.
(pdftex.def)             Requested size: 117.00119pt x 211.21732pt.

Overfull \hbox (36.79134pt too wide) in paragraph at lines 160--160
[][][][]  
 []

[7 <./graficos-tp1/SalidaTBJCalculoVCC.png>]
Overfull \hbox (36.79134pt too wide) in paragraph at lines 172--172
[][][][]  
 []

[8]
Overfull \hbox (36.79134pt too wide) in paragraph at lines 200--200
[][][][]  
 []

[9]
Overfull \hbox (36.79134pt too wide) in paragraph at lines 246--246
[][][][]  
 []

[10]
<./graficos-tp1/Distorcionporcruce.png, id=58, 164.615pt x 227.85126pt>
File: ./graficos-tp1/Distorcionporcruce.png Graphic file (type png)
<use ./graficos-tp1/Distorcionporcruce.png>
Package pdftex.def Info: ./graficos-tp1/Distorcionporcruce.png  used on input l
ine 251.
(pdftex.def)             Requested size: 117.00119pt x 161.94936pt.

Overfull \hbox (36.79134pt too wide) in paragraph at lines 260--260
[][][][]  
 []

[11 <./graficos-tp1/Distorcionporcruce.png>]
<./graficos-tp1/MultiplierMOS.png, id=63, 357.335pt x 666.49pt>
File: ./graficos-tp1/MultiplierMOS.png Graphic file (type png)
<use ./graficos-tp1/MultiplierMOS.png>
Package pdftex.def Info: ./graficos-tp1/MultiplierMOS.png  used on input line 2
64.
(pdftex.def)             Requested size: 117.00119pt x 218.22368pt.
<./graficos-tp1/MultiplicadorAMano.png, id=64, 606.265pt x 303.1325pt>
File: ./graficos-tp1/MultiplicadorAMano.png Graphic file (type png)
<use ./graficos-tp1/MultiplicadorAMano.png>
Package pdftex.def Info: ./graficos-tp1/MultiplicadorAMano.png  used on input l
ine 277.
(pdftex.def)             Requested size: 272.99881pt x 136.50087pt.

Overfull \hbox (36.79134pt too wide) in paragraph at lines 281--281
[][][][]  
 []

[12 <./graficos-tp1/MultiplierMOS.png> <./graficos-tp1/MultiplicadorAMano.png>]
<./graficos-tp1/EtapaSalidaFinalTBJ.png, id=70, 405.515pt x 630.355pt>
File: ./graficos-tp1/EtapaSalidaFinalTBJ.png Graphic file (type png)
<use ./graficos-tp1/EtapaSalidaFinalTBJ.png>
Package pdftex.def Info: ./graficos-tp1/EtapaSalidaFinalTBJ.png  used on input 
line 287.
(pdftex.def)             Requested size: 195.0pt x 303.12483pt.
<./graficos-tp1/EtapaSalidaMOS.png, id=71, 437.635pt x 764.8575pt>
File: ./graficos-tp1/EtapaSalidaMOS.png Graphic file (type png)
<use ./graficos-tp1/EtapaSalidaMOS.png>
Package pdftex.def Info: ./graficos-tp1/EtapaSalidaMOS.png  used on input line 
298.
(pdftex.def)             Requested size: 195.0pt x 340.79816pt.
[13 <./graficos-tp1/EtapaSalidaFinalTBJ.png>]
Overfull \hbox (36.79134pt too wide) in paragraph at lines 308--308
[][][][]  
 []

[14 <./graficos-tp1/EtapaSalidaMOS.png>]
<./graficos-tp1/EtapaAmplificadora.png, id=80, 279.0425pt x 399.4925pt>
File: ./graficos-tp1/EtapaAmplificadora.png Graphic file (type png)
<use ./graficos-tp1/EtapaAmplificadora.png>
Package pdftex.def Info: ./graficos-tp1/EtapaAmplificadora.png  used on input l
ine 316.
(pdftex.def)             Requested size: 195.0pt x 279.17955pt.

Overfull \hbox (36.79134pt too wide) in paragraph at lines 323--323
[][][][]  
 []

[15 <./graficos-tp1/EtapaAmplificadora.png>]
<./graficos-tp1/EtapaEntrada.png, id=85, 555.07375pt x 610.28pt>
File: ./graficos-tp1/EtapaEntrada.png Graphic file (type png)
<use ./graficos-tp1/EtapaEntrada.png>
Package pdftex.def Info: ./graficos-tp1/EtapaEntrada.png  used on input line 33
1.
(pdftex.def)             Requested size: 195.0pt x 214.39272pt.
<./graficos-tp1/AnalisisDeFase.png, id=86, 1021.8175pt x 520.94624pt>
File: ./graficos-tp1/AnalisisDeFase.png Graphic file (type png)
<use ./graficos-tp1/AnalisisDeFase.png>
Package pdftex.def Info: ./graficos-tp1/AnalisisDeFase.png  used on input line 
342.
(pdftex.def)             Requested size: 390.0pt x 198.82806pt.

Overfull \hbox (6.79999pt too wide) in paragraph at lines 342--342
 []$ 
 []

[16 <./graficos-tp1/EtapaEntrada.png>]
Overfull \hbox (36.79134pt too wide) in paragraph at lines 346--346
[][][][]  
 []

[17 <./graficos-tp1/AnalisisDeFase.png>]
<./graficos-tp1/MallaB.png, id=95, 284.06125pt x 231.86626pt>
File: ./graficos-tp1/MallaB.png Graphic file (type png)
<use ./graficos-tp1/MallaB.png>
Package pdftex.def Info: ./graficos-tp1/MallaB.png  used on input line 351.
(pdftex.def)             Requested size: 234.00238pt x 191.01251pt.

Overfull \hbox (36.79134pt too wide) in paragraph at lines 357--357
[][][][]  
 []

[18 <./graficos-tp1/MallaB.png>]
<./graficos-tp1/DisenoFinalUlt.png, id=101, 1125.20375pt x 739.76375pt>
File: ./graficos-tp1/DisenoFinalUlt.png Graphic file (type png)
<use ./graficos-tp1/DisenoFinalUlt.png>
Package pdftex.def Info: ./graficos-tp1/DisenoFinalUlt.png  used on input line 
362.
(pdftex.def)             Requested size: 390.0pt x 256.40399pt.

Overfull \hbox (6.79999pt too wide) in paragraph at lines 362--362
 []$ 
 []


Overfull \hbox (36.79134pt too wide) in paragraph at lines 365--365
[][][]  
 []

[19 <./graficos-tp1/DisenoFinalUlt.png>]
Cap\'{\i }tulo 3.
<./graficos-tp1/VoPre.png, id=106, 743.77875pt x 429.605pt>
File: ./graficos-tp1/VoPre.png Graphic file (type png)
<use ./graficos-tp1/VoPre.png>
Package pdftex.def Info: ./graficos-tp1/VoPre.png  used on input line 378.
(pdftex.def)             Requested size: 390.0pt x 225.27068pt.

Overfull \hbox (6.79999pt too wide) in paragraph at lines 378--378
 []$ 
 []


Overfull \hbox (36.79134pt too wide) in paragraph at lines 382--382
[][][][]  
 []

[20

 <./graficos-tp1/VoPre.png>]
<./graficos-tp1/VoAmpFinal.png, id=112, 823.075pt x 432.61626pt>
File: ./graficos-tp1/VoAmpFinal.png Graphic file (type png)
<use ./graficos-tp1/VoAmpFinal.png>
Package pdftex.def Info: ./graficos-tp1/VoAmpFinal.png  used on input line 389.

(pdftex.def)             Requested size: 390.0pt x 204.98656pt.

Overfull \hbox (6.79999pt too wide) in paragraph at lines 389--389
 []$ 
 []


Overfull \hbox (36.79134pt too wide) in paragraph at lines 393--393
[][][][]  
 []

[21 <./graficos-tp1/VoAmpFinal.png>]
<./graficos-tp1/VoFinal.png, id=117, 908.39375pt x 897.3525pt>
File: ./graficos-tp1/VoFinal.png Graphic file (type png)
<use ./graficos-tp1/VoFinal.png>
Package pdftex.def Info: ./graficos-tp1/VoFinal.png  used on input line 400.
(pdftex.def)             Requested size: 390.0pt x 385.26527pt.

Overfull \hbox (6.79999pt too wide) in paragraph at lines 400--400
 []$ 
 []

<./graficos-tp1/CorrienteFinal.png, id=118, 913.4125pt x 903.375pt>
File: ./graficos-tp1/CorrienteFinal.png Graphic file (type png)
<use ./graficos-tp1/CorrienteFinal.png>
Package pdftex.def Info: ./graficos-tp1/CorrienteFinal.png  used on input line 
405.
(pdftex.def)             Requested size: 390.0pt x 385.71437pt.

Overfull \hbox (6.79999pt too wide) in paragraph at lines 405--405
 []$ 
 []

[22 <./graficos-tp1/VoFinal.png>]
<./graficos-tp1/PotenciaFinal.png, id=123, 913.4125pt x 904.37875pt>
File: ./graficos-tp1/PotenciaFinal.png Graphic file (type png)
<use ./graficos-tp1/PotenciaFinal.png>
Package pdftex.def Info: ./graficos-tp1/PotenciaFinal.png  used on input line 4
13.
(pdftex.def)             Requested size: 390.0pt x 386.14294pt.

Overfull \hbox (6.79999pt too wide) in paragraph at lines 413--413
 []$ 
 []

[23 <./graficos-tp1/CorrienteFinal.png>]
Overfull \hbox (36.79134pt too wide) in paragraph at lines 420--420
[][][][]  
 []

[24 <./graficos-tp1/PotenciaFinal.png>]
<./graficos-tp1/Distorsion.png, id=133, 876.27374pt x 900.36375pt>
File: ./graficos-tp1/Distorsion.png Graphic file (type png)
<use ./graficos-tp1/Distorsion.png>
Package pdftex.def Info: ./graficos-tp1/Distorsion.png  used on input line 433.

(pdftex.def)             Requested size: 292.5pt x 300.54182pt.

Overfull \hbox (36.79134pt too wide) in paragraph at lines 437--437
[][][][]  
 []

[25 <./graficos-tp1/Distorsion.png>]
Overfull \hbox (36.79134pt too wide) in paragraph at lines 458--458
[][][][]  
 []

[26]
<./graficos-tp1/RespEnFrecuencia.png, id=142, 913.4125pt x 899.36pt>
File: ./graficos-tp1/RespEnFrecuencia.png Graphic file (type png)
<use ./graficos-tp1/RespEnFrecuencia.png>
Package pdftex.def Info: ./graficos-tp1/RespEnFrecuencia.png  used on input lin
e 463.
(pdftex.def)             Requested size: 292.5pt x 287.9932pt.
<./graficos-tp1/Risf.png, id=143, 915.42pt x 897.3525pt>
File: ./graficos-tp1/Risf.png Graphic file (type png)
<use ./graficos-tp1/Risf.png>
Package pdftex.def Info: ./graficos-tp1/Risf.png  used on input line 473.
(pdftex.def)             Requested size: 292.5pt x 286.7205pt.
 [27 <./graficos-tp1/RespEnFrecuencia.png>] [28 <./graficos-tp1/Risf.png>]
Cap\'{\i }tulo 4.
<./graficos-tp1/Rth.png, id=152, 280.04625pt x 160.6pt>
File: ./graficos-tp1/Rth.png Graphic file (type png)
<use ./graficos-tp1/Rth.png>
Package pdftex.def Info: ./graficos-tp1/Rth.png  used on input line 482.
(pdftex.def)             Requested size: 272.99881pt x 156.56598pt.

Overfull \hbox (36.79134pt too wide) in paragraph at lines 490--490
[][][][]  
 []

[29

 <./graficos-tp1/Rth.png>]
Cap\'{\i }tulo 5.
<./graficos-tp1/Schematic.png, id=158, 627.34375pt x 696.6025pt>
File: ./graficos-tp1/Schematic.png Graphic file (type png)
<use ./graficos-tp1/Schematic.png>
Package pdftex.def Info: ./graficos-tp1/Schematic.png  used on input line 503.
(pdftex.def)             Requested size: 234.00238pt x 259.83286pt.

Overfull \hbox (36.79134pt too wide) in paragraph at lines 506--506
[][][]  
 []

[30

 <./graficos-tp1/Schematic.png>]
<./graficos-tp1/KiCadComp.png, id=164, 904.37875pt x 715.67375pt>
File: ./graficos-tp1/KiCadComp.png Graphic file (type png)
<use ./graficos-tp1/KiCadComp.png>
Package pdftex.def Info: ./graficos-tp1/KiCadComp.png  used on input line 514.
(pdftex.def)             Requested size: 390.0pt x 308.61826pt.

Overfull \hbox (6.79999pt too wide) in paragraph at lines 514--514
 []$ 
 []


Overfull \hbox (36.79134pt too wide) in paragraph at lines 517--517
[][][]  
 []

[31 <./graficos-tp1/KiCadComp.png>]
<./graficos-tp1/Front3d.png, id=169, 650.43pt x 531.9875pt>
File: ./graficos-tp1/Front3d.png Graphic file (type png)
<use ./graficos-tp1/Front3d.png>
Package pdftex.def Info: ./graficos-tp1/Front3d.png  used on input line 521.
(pdftex.def)             Requested size: 390.0pt x 318.99202pt.

Overfull \hbox (6.79999pt too wide) in paragraph at lines 521--521
 []$ 
 []

<./graficos-tp1/Back3d.png, id=170, 677.53125pt x 538.01pt>
File: ./graficos-tp1/Back3d.png Graphic file (type png)
<use ./graficos-tp1/Back3d.png>
Package pdftex.def Info: ./graficos-tp1/Back3d.png  used on input line 524.
(pdftex.def)             Requested size: 390.0pt x 309.69814pt.

Overfull \hbox (6.79999pt too wide) in paragraph at lines 524--524
 []$ 
 []

[32 <./graficos-tp1/Front3d.png>]
Overfull \hbox (36.79134pt too wide) in paragraph at lines 527--527
[][][]  
 []

[33 <./graficos-tp1/Back3d.png>]
Cap\'{\i }tulo 6.

Overfull \hbox (36.79134pt too wide) in paragraph at lines 534--534
[][][][]  
 []

[34

] (./main.aux
LaTeX Info: Redefining \. on input line 6.
LaTeX Info: Redefining \% on input line 6.
) ) 
Here is how much of TeX's memory you used:
 4198 strings out of 492982
 56186 string characters out of 6134895
 131630 words of memory out of 5000000
 7669 multiletter control sequences out of 15000+600000
 10773 words of font info for 38 fonts, out of 8000000 for 9000
 1141 hyphenation exceptions out of 8191
 41i,7n,43p,404b,422s stack positions out of 5000i,500n,10000p,200000b,80000s
</usr/share/texlive/texmf-dist/fonts/type1/public/amsfonts/cm/cmbx12.pfb></u
sr/share/texlive/texmf-dist/fonts/type1/public/amsfonts/cm/cmcsc10.pfb></usr/sh
are/texlive/texmf-dist/fonts/type1/public/amsfonts/cm/cmex10.pfb></usr/share/te
xlive/texmf-dist/fonts/type1/public/amsfonts/cm/cmmi12.pfb></usr/share/texlive/
texmf-dist/fonts/type1/public/amsfonts/cm/cmmi6.pfb></usr/share/texlive/texmf-d
ist/fonts/type1/public/amsfonts/cm/cmmi8.pfb></usr/share/texlive/texmf-dist/fon
ts/type1/public/amsfonts/cm/cmr12.pfb></usr/share/texlive/texmf-dist/fonts/type
1/public/amsfonts/cm/cmr6.pfb></usr/share/texlive/texmf-dist/fonts/type1/public
/amsfonts/cm/cmr8.pfb></usr/share/texlive/texmf-dist/fonts/type1/public/amsfont
s/cm/cmsy10.pfb></usr/share/texlive/texmf-dist/fonts/type1/public/amsfonts/cm/c
msy6.pfb></usr/share/texlive/texmf-dist/fonts/type1/public/amsfonts/cm/cmsy8.pf
b></usr/share/texlive/texmf-dist/fonts/type1/public/amsfonts/cm/cmti12.pfb></us
r/share/texlive/texmf-dist/fonts/type1/public/amsfonts/cm/cmti7.pfb>
Output written on main.pdf (35 pages, 1140756 bytes).
PDF statistics:
 228 PDF objects out of 1000 (max. 8388607)
 121 compressed objects within 2 object streams
 0 named destinations out of 1000 (max. 500000)
 141 words of extra memory for PDF output out of 10000 (max. 10000000)

